[2026-04-29 19:19:44] [System] [SERVER ONLINE]
[2026-04-29 19:19:56] [System] [User 'arul' connected]
[2026-04-29 19:19:57] [User] [[arul]: a]
[2026-04-29 19:20:14] [System] [User 'arul' disconnected]
[2026-04-29 19:20:31] [System] [User 'The Knights' connected]
[2026-04-29 19:20:31] [System] [Authentication Successful for 'The Knights']
[2026-04-29 19:20:40] [Admin] [RPC_SHUTDOWN]
[2026-04-29 19:20:40] [System] [EMERGENCY SHUTDOWN INITIATED]
[2026-05-03 15:03:16] [System] [SERVER ONLINE]
[2026-05-03 15:03:30] [System] [User 'alice' connected]
[2026-05-03 15:03:55] [System] [User 'lain' connected]
[2026-05-03 15:04:05] [System] [User 'lain' disconnected]
[2026-05-03 15:05:37] [System] [User 'alice' disconnected]
[2026-05-03 15:05:41] [System] [SERVER SHUTDOWN (SIGINT)]
[2026-05-03 15:05:54] [System] [SERVER ONLINE]
[2026-05-03 15:06:03] [System] [User 'alice' connected]
[2026-05-03 15:06:11] [System] [User 'lain' connected]
[2026-05-03 15:06:30] [User] [[alice]: hello lain]
[2026-05-03 15:06:38] [User] [[lain]: hello alice]
[2026-05-03 15:07:30] [System] [User 'alice' disconnected]
[2026-05-03 15:07:31] [System] [User 'lain' disconnected]
[2026-05-03 15:07:32] [System] [SERVER SHUTDOWN (SIGINT)]
[2026-05-03 15:07:50] [System] [SERVER ONLINE]
[2026-05-03 15:07:58] [System] [User 'alice' connected]
[2026-05-03 15:08:28] [System] [User 'The Knights' connected]
[2026-05-03 15:08:28] [System] [Authentication Successful for 'The Knights']
[2026-05-03 15:09:00] [Admin] [RPC_GET_USERS]
[2026-05-03 15:09:10] [Admin] [RPC_GET_UPTIME]
[2026-05-03 15:09:28] [Admin] [RPC_SHUTDOWN]
[2026-05-03 15:09:28] [System] [EMERGENCY SHUTDOWN INITIATED]
